Build started 07-10-2014 16:38:14.
     1>Project "C:\Users\Utilizador\Documents\GitHub\avt\labs\lab01\Cube\Cube\Cube.vcxproj" on node 2 (Build target(s)).
     1>ClCompile:
         C:\Program Files (x86)\Microsoft Visual Studio 12.0\VC\bin\CL.exe /c /ZI /nologo /W3 /WX- /Od /Oy- /D WIN32 /D _DEBUG /D _CONSOLE /D _UNICODE /D UNICODE /Gm /EHsc /RTC1 /MDd /GS /fp:precise /Zc:wchar_t /Zc:forScope /Fo"Debug\\" /Fd"Debug\vc120.pdb" /Gd /TP /analyze- /errorReport:prompt ..\..\Files\exercise1.cpp
         exercise1.cpp
     1>c:\users\utilizador\documents\github\avt\labs\lab01\files\exercise1.cpp(69): warning C4996: 'fopen': This function or variable may be unsafe. Consider using fopen_s instead. To disable deprecation, use _CRT_SECURE_NO_WARNINGS. See online help for details.
                 c:\program files (x86)\microsoft visual studio 12.0\vc\include\stdio.h(211) : see declaration of 'fopen'
     1>c:\users\utilizador\documents\github\avt\labs\lab01\files\exercise1.cpp(472): warning C4101: 'ratio' : unreferenced local variable
     1>c:\program files (x86)\microsoft visual studio 12.0\vc\include\xutility(2132): warning C4996: 'std::_Copy_impl': Function call with parameters that may be unsafe - this call relies on the caller to check that the passed values are correct. To disable this warning, use -D_SCL_SECURE_NO_WARNINGS. See documentation on how to use Visual C++ 'Checked Iterators'
                 c:\program files (x86)\microsoft visual studio 12.0\vc\include\xutility(2113) : see declaration of 'std::_Copy_impl'
                 c:\users\utilizador\documents\github\avt\labs\lab01\files\exercise1.cpp(91) : see reference to function template instantiation '_OutIt std::copy<std::_String_iterator<std::_String_val<std::_Simple_types<char>>>,char*>(_InIt,_InIt,_OutIt)' being compiled
                 with
                 [
                     _OutIt=char *
         ,            _InIt=std::_String_iterator<std::_String_val<std::_Simple_types<char>>>
                 ]
       Link:
         C:\Program Files (x86)\Microsoft Visual Studio 12.0\VC\bin\link.exe /ERRORREPORT:PROMPT /OUT:"C:\Users\Utilizador\Documents\GitHub\avt\labs\lab01\Cube\Debug\Cube.exe" /INCREMENTAL /NOLOGO glew32d.lib kernel32.lib user32.lib gdi32.lib winspool.lib comdlg32.lib advapi32.lib shell32.lib ole32.lib oleaut32.lib uuid.lib odbc32.lib odbccp32.lib /MANIFEST /MANIFESTUAC:"level='asInvoker' uiAccess='false'" /manifest:embed /DEBUG /PDB:"C:\Users\Utilizador\Documents\GitHub\avt\labs\lab01\Cube\Debug\Cube.pdb" /SUBSYSTEM:CONSOLE /TLBID:1 /DYNAMICBASE /NXCOMPAT /IMPLIB:"C:\Users\Utilizador\Documents\GitHub\avt\labs\lab01\Cube\Debug\Cube.lib" /MACHINE:X86 Debug\exercise1.obj
         Cube.vcxproj -> C:\Users\Utilizador\Documents\GitHub\avt\labs\lab01\Cube\Debug\Cube.exe
     1>Done Building Project "C:\Users\Utilizador\Documents\GitHub\avt\labs\lab01\Cube\Cube\Cube.vcxproj" (Build target(s)).

Build succeeded.

Time Elapsed 00:00:05.64
